[aksh-ai.com/assets/img/favicon.png]
[unicons.iconscout.com/release/v3.0.6/css/line.css]
[backblue.gif]
[fade.gif]
[index.html]
[aksh-ai.com/assets/css/styles.css]
[aksh-ai.com/assets/img/A_final.png]
[aksh-ai.com/assets/img/cool_shay.jpg]
[aksh-ai.com/assets/img/drive-ai.jpg]
[aksh-ai.com/assets/img/gan.png]
[aksh-ai.com/assets/img/starry_night.png]
[aksh-ai.com/assets/img/image-sr.png]
[aksh-ai.com/assets/img/neuralBlack.png]
[aksh-ai.com/assets/img/third-eye.png]
[aksh-ai.com/assets/img/malware.png]
[aksh-ai.com/assets/img/stock-bot.png]
[aksh-ai.com/assets/img/tofu.png]
[aksh-ai.com/assets/img/contact.png]
[aksh-ai.com/assets/js/swiper-bundle.min.js]
[aksh-ai.com/assets/js/main.js]
[aksh-ai.com/index.html]
[unicons.iconscout.com/release/v3.0.6/css/line.css]
[aksh-ai.com/assets/css/swiper-bundle.min.css]
[aksh-ai.com/assets/css/styles.css]
